<?xml version="1.0" encoding="UTF-8"?>
<!-- Generated by org.testng.reporters.JUnitReportReporter -->
<testsuite hostname="SRAVANI" failures="0" tests="1" name="demo.Democclass" time="0.008" errors="0" timestamp="2023-04-28T08:28:56 IST" skipped="0">
  <testcase classname="demo.Democclass" name="commit" time="0.008"/>
  <system-out/>
</testsuite> <!-- demo.Democclass -->
