<?xml version="1.0" encoding="UTF-8"?>
<!-- Generated by org.testng.reporters.JUnitReportReporter -->
<testsuite hostname="SRAVANI" failures="0" tests="1" name="demo.TC01" time="0.005" errors="0" timestamp="2023-05-01T08:40:52 IST" skipped="0">
  <testcase classname="demo.TC01" name="TC_001" time="0.005"/>
  <system-out/>
</testsuite> <!-- demo.TC01 -->
