<?xml version="1.0" encoding="UTF-8"?>
<!-- Generated by org.testng.reporters.JUnitReportReporter -->
<testsuite hostname="SRAVANI" failures="0" tests="1" name="demo.Sample" time="0.008" errors="0" timestamp="2023-05-01T07:24:54 IST" skipped="0">
  <testcase classname="demo.Sample" name="pull" time="0.008"/>
  <system-out/>
</testsuite> <!-- demo.Sample -->
