<?xml version="1.0" encoding="UTF-8"?>
<!-- Generated by org.testng.reporters.JUnitReportReporter -->
<testsuite hostname="SRAVANI" failures="0" tests="1" name="demo.Demo" time="0.009" errors="0" timestamp="2023-04-27T08:47:25 IST" skipped="0">
  <testcase classname="demo.Demo" name="script" time="0.009"/>
  <system-out/>
</testsuite> <!-- demo.Demo -->
