<?xml version="1.0" encoding="UTF-8"?>
<!-- Generated by org.testng.reporters.JUnitReportReporter -->
<testsuite hostname="SRAVANI" failures="0" tests="1" name="demo.Demo2" time="0.008" errors="0" timestamp="2023-05-01T07:51:03 IST" skipped="0">
  <testcase classname="demo.Demo2" name="demo" time="0.008"/>
  <system-out/>
</testsuite> <!-- demo.Demo2 -->
